<?xml version='1.0' encoding='utf-8'?>
<testsuites name="pytest tests"><testsuite name="pytest" errors="0" failures="0" skipped="0" tests="36" time="2.510" timestamp="2026-09-22T20:55:13.527874+02:00"><testcase classname="automation.tests.test_api" name="test_create_read_and_stock_contract" time="0.022" /><testcase classname="automation.tests.test_api" name="test_invalid_quantity_does_not_change_stock[0]" time="0.019" /><testcase classname="automation.tests.test_api" name="test_invalid_quantity_does_not_change_stock[-1]" time="0.018" /><testcase classname="automation.tests.test_api" name="test_invalid_quantity_does_not_change_stock[101]" time="0.019" /><testcase classname="automation.tests.test_api" name="test_invalid_quantity_does_not_change_stock[1.5]" time="0.017" /><testcase classname="automation.tests.test_api" name="test_invalid_quantity_does_not_change_stock[2]" time="0.019" /><testcase classname="automation.tests.test_api" name="test_invalid_quantity_does_not_change_stock[True]" time="0.019" /><testcase classname="automation.tests.test_api" name="test_invalid_quantity_does_not_change_stock[None]" time="0.020" /><testcase classname="automation.tests.test_api" name="test_quantity_boundaries_and_business_limit[1-201-9]" time="0.021" /><testcase classname="automation.tests.test_api" name="test_quantity_boundaries_and_business_limit[10-201-0]" time="0.018" /><testcase classname="automation.tests.test_api" name="test_quantity_boundaries_and_business_limit[11-409-10]" time="0.019" /><testcase classname="automation.tests.test_api" name="test_quantity_boundaries_and_business_limit[100-409-10]" time="0.020" /><testcase classname="automation.tests.test_api" name="test_invalid_email[]" time="0.018" /><testcase classname="automation.tests.test_api" name="test_invalid_email[qa]" time="0.022" /><testcase classname="automation.tests.test_api" name="test_invalid_email[qa@]" time="0.019" /><testcase classname="automation.tests.test_api" name="test_invalid_email[qa @example.com]" time="0.018" /><testcase classname="automation.tests.test_api" name="test_invalid_email[None]" time="0.017" /><testcase classname="automation.tests.test_api" name="test_unknown_product" time="0.018" /><testcase classname="automation.tests.test_api" name="test_unknown_reservation[GET]" time="0.018" /><testcase classname="automation.tests.test_api" name="test_unknown_reservation[DELETE]" time="0.017" /><testcase classname="automation.tests.test_api" name="test_bad_payload[{-application/json-400]" time="0.019" /><testcase classname="automation.tests.test_api" name="test_bad_payload[[]-application/json-422]" time="0.018" /><testcase classname="automation.tests.test_api" name="test_bad_payload[x-text/plain-415]" time="0.018" /><testcase classname="automation.tests.test_api" name="test_key_required" time="0.019" /><testcase classname="automation.tests.test_api" name="test_replay_does_not_reserve_twice" time="0.027" /><testcase classname="automation.tests.test_api" name="test_same_key_different_payload_is_conflict" time="0.027" /><testcase classname="automation.tests.test_api" name="test_cancel_is_idempotent" time="0.023" /><testcase classname="automation.tests.test_api" name="test_replay_after_cancel_does_not_reactivate" time="0.023" /><testcase classname="automation.tests.test_api" name="test_parallel_requests_cannot_oversell" time="0.026" /><testcase classname="automation.tests.test_sql" name="test_join_aggregation_preserves_inventory_invariant" time="0.022" /><testcase classname="automation.tests.test_sql" name="test_failed_request_leaves_no_reservation" time="0.018" /><testcase classname="automation.tests.test_sql" name="test_window_query_ranks_only_active_reservations" time="0.020" /><testcase classname="automation.tests.test_ui" name="test_reserve_and_cancel_in_browser[chromium]" time="0.826" /><testcase classname="automation.tests.test_ui" name="test_insufficient_stock_shows_business_error[chromium]" time="0.278" /><testcase classname="automation.tests.test_ui" name="test_required_email_blocks_submission[chromium]" time="0.271" /><testcase classname="automation.tests.test_ui" name="test_network_failure_can_be_retried[chromium]" time="0.410" /></testsuite></testsuites>